<?xml version="1.0" encoding="UTF-8"?>
<!-- Generated by org.testng.reporters.JUnitReportReporter -->
<testsuite skipped="0" hostname="CDC2-D-6S8HH92" name="Tests.SeleniumScript" tests="1" failures="0" timestamp="24 Jul 2019 11:10:43 GMT" time="33.302" errors="0">
  <testcase name="f" time="33.302" classname="Tests.SeleniumScript"/>
</testsuite> <!-- Tests.SeleniumScript -->
